<?xml version="1.0" encoding="UTF-8" ?>
<testsuite errors="0" failures="0" hostname="ubuntu" name="at.fhhagenberg.swe.uebung03.SortAlgorithmsTest" skipped="0" tests="7" time="0.789" timestamp="2015-04-16T14:40:07">
  <properties>
[...]
</properties>
  <testcase classname="at.fhhagenberg.swe.uebung03.SortAlgorithmsTest" name="runCompetitionHeapQuickSort" time="0.577" />
  <testcase classname="at.fhhagenberg.swe.uebung03.SortAlgorithmsTest" name="testQuickSortWithEmptyArray" time="0.0" />
  <testcase classname="at.fhhagenberg.swe.uebung03.SortAlgorithmsTest" name="testHeapSort" time="0.0" />
  <testcase classname="at.fhhagenberg.swe.uebung03.SortAlgorithmsTest" name="testRandomHeapSort" time="0.001" />
  <testcase classname="at.fhhagenberg.swe.uebung03.SortAlgorithmsTest" name="testHeapSortWithEmptyArray" time="0.0" />
  <testcase classname="at.fhhagenberg.swe.uebung03.SortAlgorithmsTest" name="testRandomQuickSort" time="0.004" />
  <testcase classname="at.fhhagenberg.swe.uebung03.SortAlgorithmsTest" name="testQuickSort" time="0.002" />
  <system-out><![CDATA[COMPETITION
QuickSort Summary:
Duration: 152759390 , Swaps: 2875115 , Compares: 8927634 , ReCalls: 368791
HeapSort Summary:
Duration: 306499597 , Swaps: 7314583 , Compares: 24206628 , ReCalls: 0
HeapSort With 5000 No
Statistics for: QuickSort
Swaps: 20739
Compares: 71517
RecCalls: 3645
Duration: 324911
QuickSort With 5000 No
Statistics for: HeapSort
Swaps: 56769
Compares: 184708
RecCalls: 0
Duration: 745860
]]></system-out>
  <system-err><![CDATA[]]></system-err>
</testsuite>
